<?xml version="1.0" encoding="UTF-8" ?>
<testsuite tests="3" failures="0" name="com.automation.byteorbit.TestBytOrbitContactUs" time="39.33" errors="0" skipped="0">
  <properties>
[...]
</properties>
  <testcase classname="com.automation.byteorbit.TestBytOrbitContactUs" name="testNavigationWithSideMenuAndRecaptureFailMessage" time="14.829"/>
  <testcase classname="com.automation.byteorbit.TestBytOrbitContactUs" name="testEmailRegex" time="12.877"/>
  <testcase classname="com.automation.byteorbit.TestBytOrbitContactUs" name="testRequiredFields" time="11.624"/>
</testsuite>